
> jarvis-ext-sveltekit@0.0.1 build /Users/hacker/Dev/projects/Jarvis/packages/extensions-template/jarvis-ext-sveltekit
> vite build

[36mvite v5.2.11 [32mbuilding SSR bundle for production...[36m[39m
[2K[1Gtransforming (1) [2m.svelte-kit/generated/server/internal.js[22m[2K[1Gtransforming (6) [2m../../../node_modules/.pnpm/@sveltejs+kit@2.5.7_@sveltejs+vite-plugin-svelte@3[2K[1Gtransforming (10) [2m../../../node_modules/.pnpm/mode-watcher@0.3.0_svelte@4.2.16/node_modules/mod[2K[1Gtransforming (31) [2m../../../node_modules/.pnpm/@sveltejs+kit@2.5.7_@sveltejs+vite-plugin-svelte@[2K[1Gtransforming (60) [2m../../../node_modules/.pnpm/@sveltejs+kit@2.5.7_@sveltejs+vite-plugin-svelte@[2K[1Gtransforming (73) [2m../../../node_modules/.pnpm/devalue@5.0.0/node_modules/devalue/src/uneval.js[2K[1Gtransforming (95) [2msrc/lib/components/ui/button/button.svelte[22m[2K[1Gtransforming (127) [2m../../../node_modules/.pnpm/bits-ui@0.21.7_svelte@4.2.16/node_modules/bits-u[2K[1Gtransforming (155) [2m../../../node_modules/.pnpm/bits-ui@0.21.7_svelte@4.2.16/node_modules/bits-u[2K[1Gtransforming (167) [2m../../../node_modules/.pnpm/bits-ui@0.21.7_svelte@4.2.16/node_modules/bits-u[2K[1Gtransforming (186) [2m../../../node_modules/.pnpm/bits-ui@0.21.7_svelte@4.2.16/node_modules/bits-u[2K[1Gtransforming (195) [2m../../../node_modules/.pnpm/bits-ui@0.21.7_svelte@4.2.16/node_modules/bits-u[2K[1Gtransforming (207) [2m../../../node_modules/.pnpm/bits-ui@0.21.7_svelte@4.2.16/node_modules/bits-u[2K[1Gtransforming (224) [2m../../../node_modules/.pnpm/bits-ui@0.21.7_svelte@4.2.16/node_modules/bits-u[2K[1Gtransforming (244) [2m../../../node_modules/.pnpm/bits-ui@0.21.7_svelte@4.2.16/node_modules/bits-u[2K[1Gtransforming (266) [2m../../../node_modules/.pnpm/bits-ui@0.21.7_svelte@4.2.16/node_modules/bits-u[2K[1Gtransforming (286) [2m../../../node_modules/.pnpm/bits-ui@0.21.7_svelte@4.2.16/node_modules/bits-u[2K[1Gtransforming (299) [2m../../../node_modules/.pnpm/bits-ui@0.21.7_svelte@4.2.16/node_modules/bits-u[2K[1Gtransforming (318) [2m../../../node_modules/.pnpm/bits-ui@0.21.7_svelte@4.2.16/node_modules/bits-u[2K[1Gtransforming (340) [2m../../../node_modules/.pnpm/bits-ui@0.21.7_svelte@4.2.16/node_modules/bits-u[2K[1Gtransforming (378) [2m../../../node_modules/.pnpm/bits-ui@0.21.7_svelte@4.2.16/node_modules/bits-u[2K[1Gtransforming (400) [2m../../../node_modules/.pnpm/bits-ui@0.21.7_svelte@4.2.16/node_modules/bits-u[2K[1Gtransforming (484) [2m../../../node_modules/.pnpm/@melt-ui+svelte@0.76.2_svelte@4.2.16/node_module[2K[1Gtransforming (544) [2m../../../node_modules/.pnpm/@melt-ui+svelte@0.76.2_svelte@4.2.16/node_module[2K[1G[2K[1G[2K[1G[2K[1G[2K[1G[2K[1G[2K[1G[2K[1G[2K[1G[2K[1G[2K[1G[2K[1G[2K[1G[2K[1G[2K[1G[2K[1G[2K[1G[2K[1G[32m✓[39m 595 modules transformed.
[2K[1Grendering chunks (1)...[2K[1Grendering chunks (2)...[2K[1Grendering chunks (3)...[2K[1Grendering chunks (4)...[2K[1Grendering chunks (5)...[2K[1Grendering chunks (6)...[2K[1Grendering chunks (7)...[2K[1Grendering chunks (8)...[2K[1Grendering chunks (9)...[2K[1Grendering chunks (10)...[2K[1G[36mvite v5.2.11 [32mbuilding for production...[36m[39m
[2K[1Gtransforming (1) [2m.svelte-kit/generated/client-optimized/app.js[22m[2K[1Gtransforming (13) [2m../../../node_modules/.pnpm/svelte@4.2.16/node_modules/svelte/src/runtime/int[2K[1Gtransforming (45) [2m../../../node_modules/.pnpm/@sveltejs+kit@2.5.7_@sveltejs+vite-plugin-svelte@[2K[1Gtransforming (50) [2m../../../node_modules/.pnpm/tailwind-variants@0.2.1_tailwindcss@3.4.3/node_mo[2K[1Gtransforming (120) [2m../../../node_modules/.pnpm/bits-ui@0.21.7_svelte@4.2.16/node_modules/bits-u[2K[1Gtransforming (132) [2m../../../node_modules/.pnpm/bits-ui@0.21.7_svelte@4.2.16/node_modules/bits-u[2K[1Gtransforming (140) [2m../../../node_modules/.pnpm/bits-ui@0.21.7_svelte@4.2.16/node_modules/bits-u[2K[1Gtransforming (149) [2m../../../node_modules/.pnpm/bits-ui@0.21.7_svelte@4.2.16/node_modules/bits-u[2K[1Gtransforming (160) [2m../../../node_modules/.pnpm/bits-ui@0.21.7_svelte@4.2.16/node_modules/bits-u[2K[1Gtransforming (168) [2m../../../node_modules/.pnpm/bits-ui@0.21.7_svelte@4.2.16/node_modules/bits-u[2K[1Gtransforming (178) [2m../../../node_modules/.pnpm/bits-ui@0.21.7_svelte@4.2.16/node_modules/bits-u[2K[1Gtransforming (180) [2m../../../node_modules/.pnpm/bits-ui@0.21.7_svelte@4.2.16/node_modules/bits-u[2K[1Gtransforming (198) [2m../../../node_modules/.pnpm/bits-ui@0.21.7_svelte@4.2.16/node_modules/bits-u[2K[1Gtransforming (208) [2m../../../node_modules/.pnpm/bits-ui@0.21.7_svelte@4.2.16/node_modules/bits-u[2K[1Gtransforming (220) [2m../../../node_modules/.pnpm/bits-ui@0.21.7_svelte@4.2.16/node_modules/bits-u[2K[1Gtransforming (226) [2m../../../node_modules/.pnpm/bits-ui@0.21.7_svelte@4.2.16/node_modules/bits-u[2K[1Gtransforming (235) [2m../../../node_modules/.pnpm/bits-ui@0.21.7_svelte@4.2.16/node_modules/bits-u[2K[1Gtransforming (252) [2m../../../node_modules/.pnpm/bits-ui@0.21.7_svelte@4.2.16/node_modules/bits-u[2K[1Gtransforming (260) [2m../../../node_modules/.pnpm/bits-ui@0.21.7_svelte@4.2.16/node_modules/bits-u[2K[1Gtransforming (270) [2m../../../node_modules/.pnpm/bits-ui@0.21.7_svelte@4.2.16/node_modules/bits-u[2K[1Gtransforming (280) [2m../../../node_modules/.pnpm/bits-ui@0.21.7_svelte@4.2.16/node_modules/bits-u[2K[1Gtransforming (298) [2m../../../node_modules/.pnpm/bits-ui@0.21.7_svelte@4.2.16/node_modules/bits-u[2K[1Gtransforming (305) [2m../../../node_modules/.pnpm/bits-ui@0.21.7_svelte@4.2.16/node_modules/bits-u[2K[1Gtransforming (317) [2m../../../node_modules/.pnpm/bits-ui@0.21.7_svelte@4.2.16/node_modules/bits-u[2K[1Gtransforming (320) [2m../../../node_modules/.pnpm/bits-ui@0.21.7_svelte@4.2.16/node_modules/bits-u[2K[1Gtransforming (374) [2m../../../node_modules/.pnpm/bits-ui@0.21.7_svelte@4.2.16/node_modules/bits-u[2K[1Gtransforming (459) [2m../../../node_modules/.pnpm/@melt-ui+svelte@0.76.2_svelte@4.2.16/node_module[2K[1Gtransforming (519) [2m../../../node_modules/.pnpm/@melt-ui+svelte@0.76.2_svelte@4.2.16/node_module[2K[1Gtransforming (579) [2m../../../node_modules/.pnpm/@internationalized+date@3.5.3/node_modules/@inte[2K[1G[2K[1G[2K[1G[2K[1G[2K[1G[2K[1G[2K[1G[2K[1G[2K[1G[2K[1G[2K[1G[2K[1G[2K[1G[2K[1G[2K[1G[2K[1G[2K[1G[2K[1G[2K[1G[2K[1G[2K[1G[2K[1G[2K[1G[32m✓[39m 596 modules transformed.
[2K[1Grendering chunks (1)...[2K[1Grendering chunks (2)...[2K[1Grendering chunks (3)...[2K[1Grendering chunks (4)...[2K[1Grendering chunks (5)...[2K[1Grendering chunks (6)...[2K[1Grendering chunks (7)...[2K[1Grendering chunks (8)...[2K[1Grendering chunks (9)...[2K[1G[2K[1Gcomputing gzip size (0)...[2K[1Gcomputing gzip size (1)...[2K[1Gcomputing gzip size (2)...[2K[1Gcomputing gzip size (3)...[2K[1Gcomputing gzip size (4)...[2K[1Gcomputing gzip size (5)...[2K[1Gcomputing gzip size (6)...[2K[1Gcomputing gzip size (7)...[2K[1Gcomputing gzip size (8)...[2K[1Gcomputing gzip size (9)...[2K[1Gcomputing gzip size (10)...[2K[1Gcomputing gzip size (11)...[2K[1Gcomputing gzip size (12)...[2K[1G[2m.svelte-kit/output/client/[22m[32m_app/version.json                            [39m[1m[2m 0.03 kB[22m[1m[22m[2m │ gzip:  0.05 kB[22m
[2m.svelte-kit/output/client/[22m[32m.vite/manifest.json                          [39m[1m[2m 2.78 kB[22m[1m[22m[2m │ gzip:  0.54 kB[22m
[2m.svelte-kit/output/client/[22m[35m_app/immutable/assets/0.CRJ9-Wwo.css         [39m[1m[2m10.08 kB[22m[1m[22m[2m │ gzip:  2.67 kB[22m
[2m.svelte-kit/output/client/[22m[36m_app/immutable/entry/start.CZI28YAO.js       [39m[1m[2m 0.07 kB[22m[1m[22m[2m │ gzip:  0.08 kB[22m
[2m.svelte-kit/output/client/[22m[36m_app/immutable/chunks/index.CKHmfF0e.js      [39m[1m[2m 0.94 kB[22m[1m[22m[2m │ gzip:  0.58 kB[22m
[2m.svelte-kit/output/client/[22m[36m_app/immutable/nodes/1.CF9p8D0f.js           [39m[1m[2m 1.02 kB[22m[1m[22m[2m │ gzip:  0.60 kB[22m
[2m.svelte-kit/output/client/[22m[36m_app/immutable/chunks/scheduler.D_hvG1X5.js  [39m[1m[2m 2.51 kB[22m[1m[22m[2m │ gzip:  1.16 kB[22m
[2m.svelte-kit/output/client/[22m[36m_app/immutable/nodes/0.Be9rtIsc.js           [39m[1m[2m 5.06 kB[22m[1m[22m[2m │ gzip:  2.16 kB[22m
[2m.svelte-kit/output/client/[22m[36m_app/immutable/entry/app.C6oIEK3v.js         [39m[1m[2m 6.08 kB[22m[1m[22m[2m │ gzip:  2.47 kB[22m
[2m.svelte-kit/output/client/[22m[36m_app/immutable/chunks/index.Buo7it9Q.js      [39m[1m[2m 7.61 kB[22m[1m[22m[2m │ gzip:  3.13 kB[22m
[2m.svelte-kit/output/client/[22m[36m_app/immutable/chunks/entry.CG5X5Azk.js      [39m[1m[2m26.98 kB[22m[1m[22m[2m │ gzip: 10.64 kB[22m
[2m.svelte-kit/output/client/[22m[36m_app/immutable/nodes/2.19YEcYP8.js           [39m[1m[2m37.21 kB[22m[1m[22m[2m │ gzip: 13.20 kB[22m
[32m✓ built in 6.25s[39m
[2K[1G[2m.svelte-kit/output/server/[22m[32m.vite/manifest.json                         [39m[1m[2m  2.39 kB[22m[1m[22m
[2m.svelte-kit/output/server/[22m[35m_app/immutable/assets/_layout.CRJ9-Wwo.css  [39m[1m[2m 10.08 kB[22m[1m[22m
[2m.svelte-kit/output/server/[22m[36mentries/pages/_layout.ts.js                 [39m[1m[2m  0.07 kB[22m[1m[22m
[2m.svelte-kit/output/server/[22m[36minternal.js                                 [39m[1m[2m  0.31 kB[22m[1m[22m
[2m.svelte-kit/output/server/[22m[36mentries/fallbacks/error.svelte.js           [39m[1m[2m  1.16 kB[22m[1m[22m
[2m.svelte-kit/output/server/[22m[36mchunks/index.js                             [39m[1m[2m  2.58 kB[22m[1m[22m
[2m.svelte-kit/output/server/[22m[36mchunks/exports.js                           [39m[1m[2m  5.96 kB[22m[1m[22m
[2m.svelte-kit/output/server/[22m[36mchunks/internal.js                          [39m[1m[2m  6.04 kB[22m[1m[22m
[2m.svelte-kit/output/server/[22m[36mentries/pages/_layout.svelte.js             [39m[1m[2m  6.99 kB[22m[1m[22m
[2m.svelte-kit/output/server/[22m[36mchunks/ssr.js                               [39m[1m[2m  7.11 kB[22m[1m[22m
[2m.svelte-kit/output/server/[22m[36mentries/pages/_page.svelte.js               [39m[1m[2m 10.40 kB[22m[1m[22m
[2m.svelte-kit/output/server/[22m[36mindex.js                                    [39m[1m[2m114.11 kB[22m[1m[22m
[32m✓ built in 12.68s[39m

Run [1m[36mnpm run preview[22m[39m to preview your production build locally.
[1m[36m
> Using @sveltejs/adapter-static[22m[39m
  Wrote site to "dist"
  [32m✔ done[39m
